<?xml version="1.0" encoding="UTF-8"?>
<!-- Generated by org.testng.reporters.JUnitReportReporter -->
<testsuite skipped="0" hostname="LAPTOP-1IAHNGHN" name="com.herokuapp.theinternet.Elements.CheckBoxClick" tests="1" failures="0" timestamp="30 Jun 2020 10:38:32 GMT" time="34.717" errors="0">
  <testcase name="clickCheckBox" time="34.717" classname="com.herokuapp.theinternet.Elements.CheckBoxClick"/>
</testsuite> <!-- com.herokuapp.theinternet.Elements.CheckBoxClick -->
